Input Notebook:  2026/ablation_1_baseline.ipynb
Output Notebook: 2026/ablation_1_baseline_output.ipynb
Working directory: 2026
/home/ec2-user/lx-svm-venv/lib/python3.13/site-packages/nbformat/__init__.py:96: MissingIDFieldWarning: Cell is missing an id field, this will become a hard error in future nbformat versions. You may want to use `normalize()` on your notebooks before validations (available since nbformat 5.1.4). Previous versions of nbformat are fixing this issue transparently, and will stop doing so in the future.
  validate(nb)
Executing notebook with kernel: python3
Executing Cell 1---------------------------------------
Ending Cell 1------------------------------------------
Executing Cell 2---------------------------------------
Ending Cell 2------------------------------------------
Executing Cell 3---------------------------------------
Ending Cell 3------------------------------------------
Executing Cell 4---------------------------------------
Config(image_rois_csv='../Image_ROIs.csv', source_images='../Source_images', test_dir='../test_images', microglia_folder='./Processed_training_images/Train/Microglia', noise_folder='./Processed_training_images/Train/Noise', microglia_val_folder='./Processed_training_images/Validate/Microglia', noise_val_folder='./Processed_training_images/Validate/Noise', microglia_test_folder='./Processed_training_images/Test/Microglia', noise_test_folder='./Processed_training_images/Test/Noise', hnm_folder='./Processed_training_images/HardNegatives', artifact_dir='./microglia-artifacts-row1', features_cache='./microglia-artifacts-row1/features_cache.npz', svm_clf_path='./microglia-artifacts-row1/svm_clf.pkl', scaler_path='./microglia-artifacts-row1/scaler.pkl', pca_path='./microglia-artifacts-row1/pca.pkl', val_paths_cache='./microglia-artifacts-row1/val_paths.txt', hnm_train_final='./microglia-artifacts-row1/hnm_train_final.npz', image_size=2048, window_size=64, feature_mode='hog_coarse', scale_factors=(1.0,), color_conv='BGR2HSV', hog_channel='ALL', hog_orient=9, hog_pix_per_cell=8, hog_pix_per_cell_fine=4, hog_cell_per_block=2, spatial_size=(32, 32), hist_bins=32, lbp_radius=2, lbp_n_points=16, lbp_n_bins=32, pca_n_components=1215, val_size=0.2, random_state=42, svm_C=1.0, svm_max_iter=10000, cells_per_step=2, detection_threshold=1.5, nms_iou_thresh=0.3)

Ending Cell 4------------------------------------------
Executing Cell 5---------------------------------------
Ending Cell 5------------------------------------------
Executing Cell 6---------------------------------------
Loaded cache: X_train_raw=(14914, 5292), X_val_raw=(3036, 5292)

PCA: 5292 → 1215 components (89.7% variance retained)
Train: 14914 | Validate: 3036
Fitting 5 folds for each of 6 candidates, totalling 30 fits


C        mean-F1  std-F1
0.001    0.9225   ±0.0070 ← best
0.01     0.9047   ±0.0058
0.1      0.8897   ±0.0077
1.0      0.8881   ±0.0080
10.0     0.8881   ±0.0074
100.0    0.8880   ±0.0076

Best params : {'C': 0.001}
Best CV F1  : 0.9225

Training time : 2.75s
Saved artifacts → ./microglia-artifacts-row1/

Validate patch-level metrics:
[val] Accuracy  : 0.9391
[val] Precision : 0.4484
[val] Recall    : 0.9085
[val] F1-Score  : 0.6004

Ending Cell 6------------------------------------------
Executing Cell 7---------------------------------------
Ending Cell 7------------------------------------------
Executing Cell 8---------------------------------------
── Patch-level test ──
  [test microglia] 0/245 (  0%)
  [test microglia] 24/245 (  9%)
  [test microglia] 48/245 ( 19%)
  [test microglia] 72/245 ( 29%)
  [test microglia] 96/245 ( 39%)
  [test microglia] 120/245 ( 48%)
  [test microglia] 144/245 ( 58%)
  [test microglia] 168/245 ( 68%)
  [test microglia] 192/245 ( 78%)
  [test microglia] 216/245 ( 88%)
  [test microglia] 240/245 ( 97%)
  [test microglia] 245/245 (100%) — 245 feature vectors extracted
  [test noise] 0/1922 (  0%)
  [test noise] 192/1922 (  9%)
  [test noise] 384/1922 ( 19%)
  [test noise] 576/1922 ( 29%)
  [test noise] 768/1922 ( 39%)
  [test noise] 960/1922 ( 49%)
  [test noise] 1152/1922 ( 59%)
  [test noise] 1344/1922 ( 69%)
  [test noise] 1536/1922 ( 79%)
  [test noise] 1728/1922 ( 89%)
  [test noise] 1920/1922 ( 99%)
  [test noise] 1922/1922 (100%) — 1922 feature vectors extracted

[test] Accuracy  : 0.7702
[test] Precision : 0.3284
[test] Recall    : 0.9878
[test] F1-Score  : 0.4929

── Detection-level test (single scale, t=1.50) ──
Running detection on 2 test images at scales (1.0,), threshold=1.50

── 13_s46 ──
  scale=1.00 (2048×2048px)  
      0% 
      9% 
     19% 
     29% 
     38% 
     48% 
     58% 
     67% 
     77% 
     87% 
     96% 
100%
  → 1133 candidates at this scale
  Total candidates : 1133
  After NMS        : 406
  Detection time: 7.1s
  GT=123  Pred=406  TP=38  FP=368  FN=85  P=0.094  R=0.309

<Figure size 1600x700 with 2 Axes>

── 14_s47 ──
  scale=1.00 (2048×2048px)  
      0% 
      9% 
     19% 
     29% 
     38% 
     48% 
     58% 
     67% 
     77% 
     87% 
     96% 
100%
  → 1174 candidates at this scale
  Total candidates : 1174
  After NMS        : 433
  Detection time: 7.2s
  GT=122  Pred=433  TP=43  FP=390  FN=79  P=0.099  R=0.352

<Figure size 1600x700 with 2 Axes>

== AGGREGATE  TP=81  FP=758  FN=164
   Precision=0.097  Recall=0.331  F1=0.149

Ending Cell 8------------------------------------------
