Input Notebook:  2026/ablation_2_features.ipynb
Output Notebook: 2026/ablation_2_features_output.ipynb
Working directory: 2026
/home/ec2-user/lx-svm-venv/lib/python3.13/site-packages/nbformat/__init__.py:96: MissingIDFieldWarning: Cell is missing an id field, this will become a hard error in future nbformat versions. You may want to use `normalize()` on your notebooks before validations (available since nbformat 5.1.4). Previous versions of nbformat are fixing this issue transparently, and will stop doing so in the future.
  validate(nb)
Executing notebook with kernel: python3
Executing Cell 1---------------------------------------
Ending Cell 1------------------------------------------
Executing Cell 2---------------------------------------
Ending Cell 2------------------------------------------
Executing Cell 3---------------------------------------
Ending Cell 3------------------------------------------
Executing Cell 4---------------------------------------
Config(image_rois_csv='../Image_ROIs.csv', source_images='../Source_images', test_dir='../test_images', microglia_folder='./Processed_training_images/Train/Microglia', noise_folder='./Processed_training_images/Train/Noise', microglia_val_folder='./Processed_training_images/Validate/Microglia', noise_val_folder='./Processed_training_images/Validate/Noise', microglia_test_folder='./Processed_training_images/Test/Microglia', noise_test_folder='./Processed_training_images/Test/Noise', hnm_folder='./Processed_training_images/HardNegatives', artifact_dir='./microglia-artifacts-row2', features_cache='./microglia-artifacts-row2/features_cache.npz', svm_clf_path='./microglia-artifacts-row2/svm_clf.pkl', scaler_path='./microglia-artifacts-row2/scaler.pkl', pca_path='./microglia-artifacts-row2/pca.pkl', val_paths_cache='./microglia-artifacts-row2/val_paths.txt', hnm_train_final='./microglia-artifacts-row2/hnm_train_final.npz', image_size=2048, window_size=64, feature_mode='full', scale_factors=(1.0,), color_conv='BGR2HSV', hog_channel='ALL', hog_orient=9, hog_pix_per_cell=8, hog_pix_per_cell_fine=4, hog_cell_per_block=2, spatial_size=(32, 32), hist_bins=32, lbp_radius=2, lbp_n_points=16, lbp_n_bins=32, pca_n_components=4677, val_size=0.2, random_state=42, svm_C=1.0, svm_max_iter=10000, cells_per_step=2, detection_threshold=1.5, nms_iou_thresh=0.3)

Ending Cell 4------------------------------------------
Executing Cell 5---------------------------------------
Ending Cell 5------------------------------------------
Executing Cell 6---------------------------------------
Train    — microglia: 5304, noise: 9610
Validate — microglia: 153,  noise: 2883

Extracting train features...
  [train microglia] 0/5304 (  0%)
  [train microglia] 530/5304 (  9%)
  [train microglia] 1060/5304 ( 19%)
  [train microglia] 1590/5304 ( 29%)
  [train microglia] 2120/5304 ( 39%)
  [train microglia] 2650/5304 ( 49%)
  [train microglia] 3180/5304 ( 59%)
  [train microglia] 3710/5304 ( 69%)
  [train microglia] 4240/5304 ( 79%)
  [train microglia] 4770/5304 ( 89%)
  [train microglia] 5300/5304 ( 99%)
  [train microglia] 5304/5304 (100%) — 5304 feature vectors extracted
  [train noise] 0/9610 (  0%)
  [train noise] 961/9610 ( 10%)
  [train noise] 1922/9610 ( 20%)
  [train noise] 2883/9610 ( 30%)
  [train noise] 3844/9610 ( 40%)
  [train noise] 4805/9610 ( 50%)
  [train noise] 5766/9610 ( 60%)
  [train noise] 6727/9610 ( 70%)
  [train noise] 7688/9610 ( 80%)
  [train noise] 8649/9610 ( 90%)
  [train noise] 9610/9610 (100%) — 9610 feature vectors extracted
Extracting validate features...
  [val microglia] 0/153 (  0%)
  [val microglia] 15/153 (  9%)
  [val microglia] 30/153 ( 19%)
  [val microglia] 45/153 ( 29%)
  [val microglia] 60/153 ( 39%)
  [val microglia] 75/153 ( 49%)
  [val microglia] 90/153 ( 58%)
  [val microglia] 105/153 ( 68%)
  [val microglia] 120/153 ( 78%)
  [val microglia] 135/153 ( 88%)
  [val microglia] 150/153 ( 98%)
  [val microglia] 153/153 (100%) — 153 feature vectors extracted
  [val noise] 0/2883 (  0%)
  [val noise] 288/2883 (  9%)
  [val noise] 576/2883 ( 19%)
  [val noise] 864/2883 ( 29%)
  [val noise] 1152/2883 ( 39%)
  [val noise] 1440/2883 ( 49%)
  [val noise] 1728/2883 ( 59%)
  [val noise] 2016/2883 ( 69%)
  [val noise] 2304/2883 ( 79%)
  [val noise] 2592/2883 ( 89%)
  [val noise] 2880/2883 ( 99%)
  [val noise] 2883/2883 (100%) — 2883 feature vectors extracted


Raw feature dim : 32801
Train: 14914 | Validate: 3036

PCA: 32801 → 4677 components (89.8% variance retained)
Train: 14914 | Validate: 3036
Fitting 5 folds for each of 6 candidates, totalling 30 fits


C        mean-F1  std-F1
0.001    0.9530   ±0.0046
0.01     0.9547   ±0.0045 ← best
0.1      0.9541   ±0.0049
1.0      0.9543   ±0.0049
10.0     0.9542   ±0.0049
100.0    0.9542   ±0.0049

Best params : {'C': 0.01}
Best CV F1  : 0.9547

Training time : 11.06s

Saved artifacts → ./microglia-artifacts-row2/

Validate patch-level metrics:
[val] Accuracy  : 0.9687
[val] Precision : 0.6229
[val] Recall    : 0.9608
[val] F1-Score  : 0.7558

Ending Cell 6------------------------------------------
Executing Cell 7---------------------------------------
Ending Cell 7------------------------------------------
Executing Cell 8---------------------------------------
── Patch-level test ──
  [test microglia] 0/245 (  0%)
  [test microglia] 24/245 (  9%)
  [test microglia] 48/245 ( 19%)
  [test microglia] 72/245 ( 29%)
  [test microglia] 96/245 ( 39%)
  [test microglia] 120/245 ( 48%)
  [test microglia] 144/245 ( 58%)
  [test microglia] 168/245 ( 68%)
  [test microglia] 192/245 ( 78%)
  [test microglia] 216/245 ( 88%)
  [test microglia] 240/245 ( 97%)
  [test microglia] 245/245 (100%) — 245 feature vectors extracted
  [test noise] 0/1922 (  0%)
  [test noise] 192/1922 (  9%)
  [test noise] 384/1922 ( 19%)
  [test noise] 576/1922 ( 29%)
  [test noise] 768/1922 ( 39%)
  [test noise] 960/1922 ( 49%)
  [test noise] 1152/1922 ( 59%)
  [test noise] 1344/1922 ( 69%)
  [test noise] 1536/1922 ( 79%)
  [test noise] 1728/1922 ( 89%)
  [test noise] 1920/1922 ( 99%)
  [test noise] 1922/1922 (100%) — 1922 feature vectors extracted

[test] Accuracy  : 0.6530
[test] Precision : 0.2457
[test] Recall    : 1.0000
[test] F1-Score  : 0.3945

── Detection-level test (single scale, t=1.50) ──
Running detection on 2 test images at scales (1.0,), threshold=1.50

── 13_s46 ──
  scale=1.00 (2048×2048px)  
/home/ec2-user/lx-svm-venv/lib/python3.13/site-packages/skimage/feature/texture.py:385: UserWarning: Applying `local_binary_pattern` to floating-point images may give unexpected results when small numerical differences between adjacent pixels are present. It is recommended to use this function with images of integer dtype.
  warnings.warn(

      0% 
      9% 
     19% 
     29% 
     38% 
     48% 
     58% 
     67% 
     77% 
     87% 
     96% 
100%
  → 1654 candidates at this scale
  Total candidates : 1654
  After NMS        : 507
  Detection time: 60.7s
  GT=123  Pred=507  TP=40  FP=467  FN=83  P=0.079  R=0.325

<Figure size 1600x700 with 2 Axes>

── 14_s47 ──
  scale=1.00 (2048×2048px)  
/home/ec2-user/lx-svm-venv/lib/python3.13/site-packages/skimage/feature/texture.py:385: UserWarning: Applying `local_binary_pattern` to floating-point images may give unexpected results when small numerical differences between adjacent pixels are present. It is recommended to use this function with images of integer dtype.
  warnings.warn(

      0% 
      9% 
     19% 
     29% 
     38% 
     48% 
     58% 
     67% 
     77% 
     87% 
     96% 
100%
  → 1920 candidates at this scale
  Total candidates : 1920
  After NMS        : 592
  Detection time: 62.8s
  GT=122  Pred=592  TP=51  FP=541  FN=71  P=0.086  R=0.418

<Figure size 1600x700 with 2 Axes>

== AGGREGATE  TP=91  FP=1008  FN=154
   Precision=0.083  Recall=0.371  F1=0.135

Ending Cell 8------------------------------------------
